
=== Fri Jun 14 06:46:42 2019

Packages were changed.
Update Mode: updateDependencies

The following packages were added:
  com.unity.timeline@1.0.0
  com.unity.multiplayer-hlapi@1.0.2
  com.unity.xr.legacyinputhelpers@2.0.2
The following packages were updated:
  com.unity.analytics from version 3.2.2 to 3.3.2
  com.unity.package-manager-ui from version 2.0.7 to 2.1.2
  com.unity.purchasing from version 2.0.3 to 2.0.6
  com.unity.textmeshpro from version 1.3.0 to 2.0.1

=== Sat Jun 15 16:04:04 2019

Packages were changed.
Update Mode: resetToDefaultDependencies

The following packages were added:
  com.unity.timeline@1.0.0
The following packages were updated:
  com.unity.analytics from version 3.2.2 to 3.3.2
  com.unity.purchasing from version 2.0.3 to 2.0.6
  com.unity.textmeshpro from version 1.3.0 to 2.0.1
  com.unity.package-manager-ui from version 2.0.7 to 2.1.2
The following packages were removed:
  com.unity.xr.oculus.android@1.29.1
  com.unity.xr.oculus.standalone@1.29.1
  com.unity.xr.openvr.standalone@1.0.5
  com.unity.xr.windowsmr.metro@1.0.8
